<?xml version="1.0" encoding="UTF-8"?>
<beans xmlns="http://www.springframework.org/schema/beans"
       xmlns:mvc="http://www.springframework.org/schema/mvc"
       xmlns:xsi="http://www.w3.org/2001/XMLSchema-instance"
       xmlns:context="http://www.springframework.org/schema/context"
       xmlns:mongo="http://www.springframework.org/schema/data/mongo"
       xsi:schemaLocation="
       http://www.springframework.org/schema/beans
       http://www.springframework.org/schema/beans/spring-beans.xsd
       http://www.springframework.org/schema/mvc
       http://www.springframework.org/schema/mvc/spring-mvc.xsd
       http://www.springframework.org/schema/data/mongo
       http://www.springframework.org/schema/data/mongo/spring-mongo.xsd
       http://www.springframework.org/schema/context
       http://www.springframework.org/schema/context/spring-context.xsd">

    <mvc:annotation-driven/>

    <context:component-scan base-package="com.octus"/>

    <mvc:resources mapping="/resources/**" location="/resources/" />

    <bean id="mongo" class="cz.jirutka.spring.embedmongo.EmbeddedMongoFactoryBean">
        <property name="version" value="2.4.5"/>
        <property name="bindIp" value="127.0.0.1"/>
        <property name="port" value="12345"/>
    </bean>

    <bean id="mongoTemplate" class="org.springframework.data.mongodb.core.MongoTemplate">
        <constructor-arg ref="mongo"/>
        <constructor-arg value="test"/>
    </bean>

    <mongo:repositories base-package="com.octus.dao" />

</beans>